  brick_and_ball.cpp
C:\Users\Paulina\Desktop\Programowanie\brick_and_ball\brick_and_ball.cpp(58,12): warning C4244: 'argument': conversion from 'time_t' to 'unsigned int', possible loss of data
C:\Users\Paulina\Desktop\Programowanie\brick_and_ball\brick_and_ball.cpp(74,20): warning C4018: '<': signed/unsigned mismatch
C:\Users\Paulina\Desktop\Programowanie\brick_and_ball\brick_and_ball.cpp(76,21): warning C4018: '<': signed/unsigned mismatch
C:\Program Files (x86)\Microsoft Visual Studio\2019\Community\VC\Tools\MSVC\14.23.28105\include\xmemory(758,103): warning C4244: 'argument': conversion from 'unsigned int' to 'float', possible loss of data
C:\Program Files (x86)\Microsoft Visual Studio\2019\Community\VC\Tools\MSVC\14.23.28105\include\vector(633): message : see reference to function template instantiation 'void std::_Default_allocator_traits<_Alloc>::construct<_Ty,unsigned int,unsigned int,unsigned int&,unsigned int&>(_Alloc &,_Objty *const ,unsigned int &&,unsigned int &&,unsigned int &,unsigned int &)' being compiled
C:\Program Files (x86)\Microsoft Visual Studio\2019\Community\VC\Tools\MSVC\14.23.28105\include\vector(633): message :         with
C:\Program Files (x86)\Microsoft Visual Studio\2019\Community\VC\Tools\MSVC\14.23.28105\include\vector(633): message :         [
C:\Program Files (x86)\Microsoft Visual Studio\2019\Community\VC\Tools\MSVC\14.23.28105\include\vector(633): message :             _Alloc=std::allocator<Kloc>,
C:\Program Files (x86)\Microsoft Visual Studio\2019\Community\VC\Tools\MSVC\14.23.28105\include\vector(633): message :             _Ty=Kloc,
C:\Program Files (x86)\Microsoft Visual Studio\2019\Community\VC\Tools\MSVC\14.23.28105\include\vector(633): message :             _Objty=Kloc
C:\Program Files (x86)\Microsoft Visual Studio\2019\Community\VC\Tools\MSVC\14.23.28105\include\vector(633): message :         ]
C:\Program Files (x86)\Microsoft Visual Studio\2019\Community\VC\Tools\MSVC\14.23.28105\include\vector(638): message : see reference to function template instantiation 'void std::_Default_allocator_traits<_Alloc>::construct<_Ty,unsigned int,unsigned int,unsigned int&,unsigned int&>(_Alloc &,_Objty *const ,unsigned int &&,unsigned int &&,unsigned int &,unsigned int &)' being compiled
C:\Program Files (x86)\Microsoft Visual Studio\2019\Community\VC\Tools\MSVC\14.23.28105\include\vector(638): message :         with
C:\Program Files (x86)\Microsoft Visual Studio\2019\Community\VC\Tools\MSVC\14.23.28105\include\vector(638): message :         [
C:\Program Files (x86)\Microsoft Visual Studio\2019\Community\VC\Tools\MSVC\14.23.28105\include\vector(638): message :             _Alloc=std::allocator<Kloc>,
C:\Program Files (x86)\Microsoft Visual Studio\2019\Community\VC\Tools\MSVC\14.23.28105\include\vector(638): message :             _Ty=Kloc,
C:\Program Files (x86)\Microsoft Visual Studio\2019\Community\VC\Tools\MSVC\14.23.28105\include\vector(638): message :             _Objty=Kloc
C:\Program Files (x86)\Microsoft Visual Studio\2019\Community\VC\Tools\MSVC\14.23.28105\include\vector(638): message :         ]
C:\Program Files (x86)\Microsoft Visual Studio\2019\Community\VC\Tools\MSVC\14.23.28105\include\vector(651): message : see reference to function template instantiation 'void std::vector<Kloc,std::allocator<_Ty>>::_Emplace_back_with_unused_capacity<unsigned int,unsigned int,unsigned int&,unsigned int&>(unsigned int &&,unsigned int &&,unsigned int &,unsigned int &)' being compiled
C:\Program Files (x86)\Microsoft Visual Studio\2019\Community\VC\Tools\MSVC\14.23.28105\include\vector(651): message :         with
C:\Program Files (x86)\Microsoft Visual Studio\2019\Community\VC\Tools\MSVC\14.23.28105\include\vector(651): message :         [
C:\Program Files (x86)\Microsoft Visual Studio\2019\Community\VC\Tools\MSVC\14.23.28105\include\vector(651): message :             _Ty=Kloc
C:\Program Files (x86)\Microsoft Visual Studio\2019\Community\VC\Tools\MSVC\14.23.28105\include\vector(651): message :         ]
C:\Users\Paulina\Desktop\Programowanie\brick_and_ball\brick_and_ball.cpp(78): message : see reference to function template instantiation 'void std::vector<Kloc,std::allocator<_Ty>>::emplace_back<unsigned int,unsigned int,unsigned int&,unsigned int&>(unsigned int &&,unsigned int &&,unsigned int &,unsigned int &)' being compiled
C:\Users\Paulina\Desktop\Programowanie\brick_and_ball\brick_and_ball.cpp(78): message :         with
C:\Users\Paulina\Desktop\Programowanie\brick_and_ball\brick_and_ball.cpp(78): message :         [
C:\Users\Paulina\Desktop\Programowanie\brick_and_ball\brick_and_ball.cpp(78): message :             _Ty=Kloc
C:\Users\Paulina\Desktop\Programowanie\brick_and_ball\brick_and_ball.cpp(78): message :         ]
C:\Program Files (x86)\Microsoft Visual Studio\2019\Community\VC\Tools\MSVC\14.23.28105\include\xmemory(758,103): warning C4244: 'argument': conversion from '_Ty' to 'float', possible loss of data
C:\Program Files (x86)\Microsoft Visual Studio\2019\Community\VC\Tools\MSVC\14.23.28105\include\xmemory(758,103): warning C4244:         with
C:\Program Files (x86)\Microsoft Visual Studio\2019\Community\VC\Tools\MSVC\14.23.28105\include\xmemory(758,103): warning C4244:         [
C:\Program Files (x86)\Microsoft Visual Studio\2019\Community\VC\Tools\MSVC\14.23.28105\include\xmemory(758,103): warning C4244:             _Ty=unsigned int
C:\Program Files (x86)\Microsoft Visual Studio\2019\Community\VC\Tools\MSVC\14.23.28105\include\xmemory(758,103): warning C4244:         ]
C:\Users\Paulina\Desktop\Programowanie\brick_and_ball\Scena.h(47): warning C4715: 'scena': not all control paths return a value
C:\Users\Paulina\Desktop\Programowanie\brick_and_ball\brick_and_ball.cpp(53): warning C4715: 'testKolizja': not all control paths return a value
C:\Users\Paulina\Desktop\Programowanie\brick_and_ball\brick_and_ball.cpp(25): warning C4715: 'testKolizja': not all control paths return a value
  brick_and_ball.vcxproj -> C:\Users\Paulina\Desktop\Programowanie\brick_and_ball\Debug\brick_and_ball.exe
